<?xml version="1.0" encoding="UTF-8"?>
<!-- Generated by org.testng.reporters.JUnitReportReporter -->
<testsuite hostname="TEST-04" failures="0" tests="12" name="Testcases.terminal_testcase" time="50.321" errors="0" timestamp="2024-10-09T11:27:20 IST" skipped="0">
  <testcase classname="Testcases.terminal_testcase" name="verify_the_user_able_to_navigate_to_terminalmenu" time="0.125"/>
  <system-out/>
  <testcase classname="Testcases.terminal_testcase" name="Verify_that_the_user_is_able_to_select_a_value_from_the_filter_option" time="2.077"/>
  <system-out/>
  <testcase classname="Testcases.terminal_testcase" name="verify_the_search_field_is_working_correctly" time="2.415"/>
  <system-out/>
  <testcase classname="Testcases.terminal_testcase" name="verify_able_to_view_the_dasboard_widgetsand_truckdeatils" time="2.994"/>
  <system-out/>
  <testcase classname="Testcases.terminal_testcase" name="verify_customer_menu_is_working_correctly" time="6.324"/>
  <system-out/>
  <testcase classname="Testcases.terminal_testcase" name="verify_wallpd_menu_is_working_correctly" time="0.362"/>
  <system-out/>
  <testcase classname="Testcases.terminal_testcase" name="verify_keyboxdetails_menu_is_working_correctly" time="14.038"/>
  <system-out/>
  <testcase classname="Testcases.terminal_testcase" name="Verify_the_stock_details_functions_are_working_correctly" time="2.399"/>
  <system-out/>
  <testcase classname="Testcases.terminal_testcase" name="Verify_the_return_details_functions_are_working_correctly" time="0.929"/>
  <system-out/>
  <testcase classname="Testcases.terminal_testcase" name="verify_the_geofences_function_are_working_correctly" time="9.380"/>
  <system-out/>
  <testcase classname="Testcases.terminal_testcase" name="verify_the_maintenance_window_menu_working_correctly" time="7.844"/>
  <system-out/>
  <testcase classname="Testcases.terminal_testcase" name="verify_the_driver_menu_working_correctly" time="1.434"/>
  <system-out/>
</testsuite> <!-- Testcases.terminal_testcase -->
