<?xml version="1.0" encoding="UTF-8"?>
<!-- Generated by org.testng.reporters.JUnitReportReporter -->
<testsuite hostname="TEST-04" failures="0" tests="5" name="Testcases.terminal_testcase" time="10.818" errors="0" timestamp="2024-10-08T11:55:40 IST" skipped="1">
  <testcase classname="Testcases.terminal_testcase" name="verify_the_user_able_to_navigate_to_terminalmenu" time="0.104"/>
  <system-out/>
  <testcase classname="Testcases.terminal_testcase" name="verify_the_search_field_is_working_correctly" time="2.404"/>
  <system-out/>
  <testcase classname="Testcases.terminal_testcase" name="verify_able_to_view_the_dasboard_widgetsand_truckdeatils" time="2.917"/>
  <system-out/>
  <testcase classname="Testcases.terminal_testcase" name="verify_the_maintenance_window_menu_working_correctly" time="5.393"/>
  <system-out/>
  <testcase classname="Testcases.terminal_testcase" name="Verify_that_the_user_is_able_to_select_a_value_from_the_filter_option">
    <skipped/>
  </testcase> <!-- Verify_that_the_user_is_able_to_select_a_value_from_the_filter_option -->
  <system-out/>
</testsuite> <!-- Testcases.terminal_testcase -->
