<?xml version="1.0" encoding="UTF-8"?>
<!-- Generated by org.testng.reporters.JUnitReportReporter -->
<testsuite hostname="TEST-04" failures="0" tests="3" name="Testcases.livetrips_testcase" time="6.590" errors="0" timestamp="2024-09-25T15:02:02 IST" skipped="0">
  <testcase classname="Testcases.livetrips_testcase" name="verify_user_able_to_navigate_to_livetrips" time="0.308"/>
  <system-out/>
  <testcase classname="Testcases.livetrips_testcase" name="Verify_that_the_searched_value_matches_the_values_shown_in_the_grid" time="2.384"/>
  <system-out/>
  <testcase classname="Testcases.livetrips_testcase" name="Verify_that_the_user_is_able_to_select_a_value_from_the_filter_option" time="3.898"/>
  <system-out/>
</testsuite> <!-- Testcases.livetrips_testcase -->
