<?xml version="1.0" encoding="UTF-8"?>
<!-- Generated by org.testng.reporters.JUnitReportReporter -->
<testsuite hostname="TEST-04" failures="0" tests="8" name="Testcases.Login_Testcases" time="16.092" errors="0" timestamp="2024-09-24T16:17:34 IST" skipped="0">
  <testcase classname="Testcases.Login_Testcases" name="test1" time="0.287"/>
  <system-out/>
  <testcase classname="Testcases.Login_Testcases" name="verify_the_search_field" time="2.594"/>
  <system-out/>
  <testcase classname="Testcases.Login_Testcases" name="verify_the_scroll_bar_is_working" time="2.033"/>
  <system-out/>
  <testcase classname="Testcases.Login_Testcases" name="verify_the_pagination_and_showing_from_is_working_correctly" time="4.197"/>
  <system-out/>
  <testcase classname="Testcases.Login_Testcases" name="verify_action_buton_is_working_correctly" time="1.292"/>
  <system-out/>
  <testcase classname="Testcases.Login_Testcases" name="select_the_zone" time="1.209"/>
  <system-out/>
  <testcase classname="Testcases.Login_Testcases" name="select_the_terminal" time="0.650"/>
  <system-out/>
  <testcase classname="Testcases.Login_Testcases" name="verify_the_filtered_value_matched_the_gridValue" time="3.830"/>
  <system-out/>
</testsuite> <!-- Testcases.Login_Testcases -->
