<?xml version="1.0" encoding="UTF-8"?>
<!-- Generated by org.testng.reporters.JUnitReportReporter -->
<testsuite hostname="SSD-SYS-24" failures="0" tests="5" name="test.exception_TC" time="15.763" errors="0" timestamp="2024-09-30T17:22:29 IST" skipped="3">
  <testcase classname="test.exception_TC" name="verify_able_to_select_and_view_the_gridpage_in_viewallexception_under_terminalexceptionpage" time="6.377"/>
  <testcase classname="test.exception_TC" name="verify_all_filters_should_working_fine_under_terminalexception_filter" time="9.386"/>
  <testcase classname="test.exception_TC" name="verify_user_able_to_replan_the_trip_in_tripexception_page">
    <skipped/>
  </testcase> <!-- verify_user_able_to_replan_the_trip_in_tripexception_page -->
  <testcase classname="test.exception_TC" name="verify_able_to_select_and_view_the_gridpage_in_viewallexception_under_tripexceptionpage">
    <skipped/>
  </testcase> <!-- verify_able_to_select_and_view_the_gridpage_in_viewallexception_under_tripexceptionpage -->
  <testcase classname="test.exception_TC" name="verify_All_filters_should_workingfine_in_TripExceptionpage">
    <skipped/>
  </testcase> <!-- verify_All_filters_should_workingfine_in_TripExceptionpage -->
</testsuite> <!-- test.exception_TC -->
