<?xml version="1.0" encoding="UTF-8"?>
<!-- Generated by org.testng.reporters.JUnitReportReporter -->
<testsuite hostname="TEST-04" failures="0" tests="1" name="Testcases.terminal_testcase" time="0.188" errors="0" timestamp="2024-09-24T16:17:34 IST" skipped="0">
  <testcase classname="Testcases.terminal_testcase" name="verify_the_user_able_to_navigate_to_terminalmenu" time="0.188"/>
  <system-out/>
</testsuite> <!-- Testcases.terminal_testcase -->
