<?xml version="1.0" encoding="UTF-8"?>
<!-- Generated by org.testng.reporters.JUnitReportReporter -->
<testsuite hostname="SSD-SYS-24" failures="0" tests="1" name="test.Users_TC" time="4.662" errors="0" timestamp="2024-10-03T15:10:43 IST" skipped="0">
  <testcase classname="test.Users_TC" name="verify_that_able_to_select_manageusers_under_users_module_and_view_the_grid_page_successfully" time="4.662"/>
</testsuite> <!-- test.Users_TC -->
