<?xml version="1.0" encoding="UTF-8"?>
<!-- Generated by org.testng.reporters.JUnitReportReporter -->
<testsuite hostname="TEST-04" failures="0" tests="7" name="Testcases.terminal_testcase" time="23.792" errors="0" timestamp="2024-10-04T12:44:47 IST" skipped="0">
  <testcase classname="Testcases.terminal_testcase" name="verify_the_user_able_to_navigate_to_terminalmenu" time="0.115"/>
  <system-out/>
  <testcase classname="Testcases.terminal_testcase" name="Verify_that_the_user_is_able_to_select_a_value_from_the_filter_option" time="1.136"/>
  <system-out/>
  <testcase classname="Testcases.terminal_testcase" name="verify_the_search_field_is_working_correctly" time="2.396"/>
  <system-out/>
  <testcase classname="Testcases.terminal_testcase" name="verify_able_to_view_the_dasboard_widgetsand_truckdeatils" time="2.888"/>
  <system-out/>
  <testcase classname="Testcases.terminal_testcase" name="verify_customer_menu_is_working_correctly" time="6.282"/>
  <system-out/>
  <testcase classname="Testcases.terminal_testcase" name="verify_wallpd_menu_is_working_correctly" time="0.365"/>
  <system-out/>
  <testcase classname="Testcases.terminal_testcase" name="verify_keyboxdetails_menu_is_working_correctly" time="10.610"/>
  <system-out/>
</testsuite> <!-- Testcases.terminal_testcase -->
