<?xml version="1.0" encoding="UTF-8"?>
<!-- Generated by org.testng.reporters.JUnitReportReporter -->
<testsuite hostname="SSD-SYS-24" failures="0" tests="3" name="test.Dashboard_TC" time="23.833" errors="0" timestamp="2024-09-30T17:22:29 IST" skipped="0">
  <testcase classname="test.Dashboard_TC" name="Verify_that_User_able_view_the_dashboard_page_initially_after_QRcode_scanning" time="0.007"/>
  <testcase classname="test.Dashboard_TC" name="verify_that_All_filters_should_workingfine_on_dashborad_page" time="14.450"/>
  <testcase classname="test.Dashboard_TC" name="verify_that_scroll_function_should_workingfine" time="9.376"/>
</testsuite> <!-- test.Dashboard_TC -->
